mode: set
enigmacamp.com/unit-test-starter-pack/main.go:3.13,5.2 1 0
enigmacamp.com/unit-test-starter-pack/server.go:26.30,31.2 4 0
enigmacamp.com/unit-test-starter-pack/server.go:33.24,35.45 2 0
enigmacamp.com/unit-test-starter-pack/server.go:35.45,36.92 1 0
enigmacamp.com/unit-test-starter-pack/server.go:40.26,45.16 4 0
enigmacamp.com/unit-test-starter-pack/server.go:45.16,46.28 1 0
enigmacamp.com/unit-test-starter-pack/server.go:48.2,60.3 7 0
enigmacamp.com/unit-test-starter-pack/controller/auth_controller.go:14.57,16.53 2 0
enigmacamp.com/unit-test-starter-pack/controller/auth_controller.go:16.53,19.3 2 0
enigmacamp.com/unit-test-starter-pack/controller/auth_controller.go:21.2,22.16 2 0
enigmacamp.com/unit-test-starter-pack/controller/auth_controller.go:22.16,25.3 2 0
enigmacamp.com/unit-test-starter-pack/controller/auth_controller.go:27.2,27.38 1 0
enigmacamp.com/unit-test-starter-pack/controller/auth_controller.go:30.34,32.2 1 0
enigmacamp.com/unit-test-starter-pack/controller/auth_controller.go:34.99,36.2 1 0
enigmacamp.com/unit-test-starter-pack/controller/user_controller.go:19.53,21.51 2 0
enigmacamp.com/unit-test-starter-pack/controller/user_controller.go:21.51,24.3 2 0
enigmacamp.com/unit-test-starter-pack/controller/user_controller.go:26.2,27.16 2 0
enigmacamp.com/unit-test-starter-pack/controller/user_controller.go:27.16,30.3 2 0
enigmacamp.com/unit-test-starter-pack/controller/user_controller.go:32.2,32.34 1 0
enigmacamp.com/unit-test-starter-pack/controller/user_controller.go:35.53,37.16 2 0
enigmacamp.com/unit-test-starter-pack/controller/user_controller.go:37.16,40.3 2 0
enigmacamp.com/unit-test-starter-pack/controller/user_controller.go:42.2,42.20 1 0
enigmacamp.com/unit-test-starter-pack/controller/user_controller.go:42.20,45.3 2 0
enigmacamp.com/unit-test-starter-pack/controller/user_controller.go:46.2,46.60 1 0
enigmacamp.com/unit-test-starter-pack/controller/user_controller.go:49.54,52.16 3 0
enigmacamp.com/unit-test-starter-pack/controller/user_controller.go:52.16,55.3 2 0
enigmacamp.com/unit-test-starter-pack/controller/user_controller.go:57.2,57.29 1 0
enigmacamp.com/unit-test-starter-pack/controller/user_controller.go:60.34,64.2 3 0
enigmacamp.com/unit-test-starter-pack/controller/user_controller.go:66.120,68.2 1 0
enigmacamp.com/unit-test-starter-pack/middleware/auth_middleware.go:24.72,25.32 1 0
enigmacamp.com/unit-test-starter-pack/middleware/auth_middleware.go:25.32,27.51 2 0
enigmacamp.com/unit-test-starter-pack/middleware/auth_middleware.go:27.51,30.4 2 0
enigmacamp.com/unit-test-starter-pack/middleware/auth_middleware.go:32.3,34.17 3 0
enigmacamp.com/unit-test-starter-pack/middleware/auth_middleware.go:34.17,37.4 2 0
enigmacamp.com/unit-test-starter-pack/middleware/auth_middleware.go:39.3,41.30 3 0
enigmacamp.com/unit-test-starter-pack/middleware/auth_middleware.go:41.30,42.31 1 0
enigmacamp.com/unit-test-starter-pack/middleware/auth_middleware.go:42.31,44.10 2 0
enigmacamp.com/unit-test-starter-pack/middleware/auth_middleware.go:48.3,48.17 1 0
enigmacamp.com/unit-test-starter-pack/middleware/auth_middleware.go:48.17,51.4 2 0
enigmacamp.com/unit-test-starter-pack/middleware/auth_middleware.go:52.3,52.13 1 0
enigmacamp.com/unit-test-starter-pack/middleware/auth_middleware.go:56.70,58.2 1 0
enigmacamp.com/unit-test-starter-pack/config/config.go:35.37,58.93 5 0
enigmacamp.com/unit-test-starter-pack/config/config.go:58.93,60.3 1 0
enigmacamp.com/unit-test-starter-pack/config/config.go:62.2,62.12 1 0
enigmacamp.com/unit-test-starter-pack/config/config.go:65.35,67.41 2 0
enigmacamp.com/unit-test-starter-pack/config/config.go:67.41,69.3 1 0
enigmacamp.com/unit-test-starter-pack/config/config.go:70.2,70.17 1 0
enigmacamp.com/unit-test-starter-pack/utils/service/jwt_service.go:23.77,36.16 5 0
enigmacamp.com/unit-test-starter-pack/utils/service/jwt_service.go:36.16,38.3 1 0
enigmacamp.com/unit-test-starter-pack/utils/service/jwt_service.go:40.2,40.19 1 0
enigmacamp.com/unit-test-starter-pack/utils/service/jwt_service.go:43.89,44.124 1 0
enigmacamp.com/unit-test-starter-pack/utils/service/jwt_service.go:44.124,46.3 1 0
enigmacamp.com/unit-test-starter-pack/utils/service/jwt_service.go:48.2,48.16 1 0
enigmacamp.com/unit-test-starter-pack/utils/service/jwt_service.go:48.16,50.3 1 0
enigmacamp.com/unit-test-starter-pack/utils/service/jwt_service.go:52.2,53.9 2 0
enigmacamp.com/unit-test-starter-pack/utils/service/jwt_service.go:53.9,55.3 1 0
enigmacamp.com/unit-test-starter-pack/utils/service/jwt_service.go:57.2,57.20 1 0
enigmacamp.com/unit-test-starter-pack/utils/service/jwt_service.go:60.55,62.2 1 0
enigmacamp.com/unit-test-starter-pack/repository/user_repository.go:21.90,25.16 2 1
enigmacamp.com/unit-test-starter-pack/repository/user_repository.go:25.16,27.3 1 1
enigmacamp.com/unit-test-starter-pack/repository/user_repository.go:28.2,28.18 1 1
enigmacamp.com/unit-test-starter-pack/repository/user_repository.go:31.65,34.16 3 1
enigmacamp.com/unit-test-starter-pack/repository/user_repository.go:34.16,36.3 1 1
enigmacamp.com/unit-test-starter-pack/repository/user_repository.go:37.2,37.18 1 1
enigmacamp.com/unit-test-starter-pack/repository/user_repository.go:37.18,40.17 3 1
enigmacamp.com/unit-test-starter-pack/repository/user_repository.go:40.17,42.4 1 1
enigmacamp.com/unit-test-starter-pack/repository/user_repository.go:43.3,43.30 1 1
enigmacamp.com/unit-test-starter-pack/repository/user_repository.go:45.2,45.19 1 1
enigmacamp.com/unit-test-starter-pack/repository/user_repository.go:48.71,51.16 3 1
enigmacamp.com/unit-test-starter-pack/repository/user_repository.go:51.16,53.3 1 1
enigmacamp.com/unit-test-starter-pack/repository/user_repository.go:54.2,54.18 1 1
enigmacamp.com/unit-test-starter-pack/repository/user_repository.go:57.112,60.16 3 0
enigmacamp.com/unit-test-starter-pack/repository/user_repository.go:60.16,62.3 1 0
enigmacamp.com/unit-test-starter-pack/repository/user_repository.go:63.2,63.18 1 0
enigmacamp.com/unit-test-starter-pack/repository/user_repository.go:66.51,68.2 1 1
enigmacamp.com/unit-test-starter-pack/config/config.go:35.37,58.93 5 0
enigmacamp.com/unit-test-starter-pack/config/config.go:58.93,60.3 1 0
enigmacamp.com/unit-test-starter-pack/config/config.go:62.2,62.12 1 0
enigmacamp.com/unit-test-starter-pack/config/config.go:65.35,67.41 2 0
enigmacamp.com/unit-test-starter-pack/config/config.go:67.41,69.3 1 0
enigmacamp.com/unit-test-starter-pack/config/config.go:70.2,70.17 1 0
enigmacamp.com/unit-test-starter-pack/usecase/auth_usecase.go:14.89,17.16 3 0
enigmacamp.com/unit-test-starter-pack/usecase/auth_usecase.go:17.16,19.3 1 0
enigmacamp.com/unit-test-starter-pack/usecase/auth_usecase.go:20.2,21.16 2 0
enigmacamp.com/unit-test-starter-pack/usecase/auth_usecase.go:21.16,23.3 1 0
enigmacamp.com/unit-test-starter-pack/usecase/auth_usecase.go:24.2,24.19 1 0
enigmacamp.com/unit-test-starter-pack/usecase/auth_usecase.go:27.100,29.2 1 0
enigmacamp.com/unit-test-starter-pack/usecase/user_usecase.go:19.99,21.2 1 1
enigmacamp.com/unit-test-starter-pack/usecase/user_usecase.go:23.69,25.2 1 1
enigmacamp.com/unit-test-starter-pack/usecase/user_usecase.go:27.77,29.2 1 1
enigmacamp.com/unit-test-starter-pack/usecase/user_usecase.go:31.114,33.2 1 0
enigmacamp.com/unit-test-starter-pack/usecase/user_usecase.go:35.65,37.2 1 1
enigmacamp.com/unit-test-starter-pack/utils/service/jwt_service.go:23.77,36.16 5 0
enigmacamp.com/unit-test-starter-pack/utils/service/jwt_service.go:36.16,38.3 1 0
enigmacamp.com/unit-test-starter-pack/utils/service/jwt_service.go:40.2,40.19 1 0
enigmacamp.com/unit-test-starter-pack/utils/service/jwt_service.go:43.89,44.124 1 0
enigmacamp.com/unit-test-starter-pack/utils/service/jwt_service.go:44.124,46.3 1 0
enigmacamp.com/unit-test-starter-pack/utils/service/jwt_service.go:48.2,48.16 1 0
enigmacamp.com/unit-test-starter-pack/utils/service/jwt_service.go:48.16,50.3 1 0
enigmacamp.com/unit-test-starter-pack/utils/service/jwt_service.go:52.2,53.9 2 0
enigmacamp.com/unit-test-starter-pack/utils/service/jwt_service.go:53.9,55.3 1 0
enigmacamp.com/unit-test-starter-pack/utils/service/jwt_service.go:57.2,57.20 1 0
enigmacamp.com/unit-test-starter-pack/utils/service/jwt_service.go:60.55,62.2 1 0
