mode: set
funny-login/config/config.go:38.40,39.32 1 0
funny-login/config/config.go:39.32,48.3 1 0
funny-login/config/config.go:49.2,58.16 3 0
funny-login/config/config.go:58.16,60.3 1 0
funny-login/config/config.go:62.2,62.16 1 0
funny-login/config/config.go:65.31,66.34 1 0
funny-login/config/config.go:66.34,70.3 1 0
funny-login/config/config.go:71.2,71.18 1 0
funny-login/config/config.go:74.39,82.2 2 0
funny-login/main.go:3.13,5.2 1 0
funny-login/server.go:13.20,19.16 5 0
funny-login/server.go:19.16,20.58 1 0
funny-login/server.go:22.2,39.16 10 0
funny-login/server.go:39.16,40.90 1 0
funny-login/middleware/auth_middleware.go:17.56,18.30 1 0
funny-login/middleware/auth_middleware.go:18.30,20.49 2 0
funny-login/middleware/auth_middleware.go:20.49,23.4 2 0
funny-login/middleware/auth_middleware.go:24.3,26.17 3 0
funny-login/middleware/auth_middleware.go:26.17,29.4 2 0
funny-login/middleware/auth_middleware.go:30.3,37.30 3 0
funny-login/middleware/auth_middleware.go:37.30,38.39 1 0
funny-login/middleware/auth_middleware.go:38.39,40.10 2 0
funny-login/middleware/auth_middleware.go:44.3,44.17 1 0
funny-login/middleware/auth_middleware.go:44.17,47.4 1 0
funny-login/middleware/auth_middleware.go:49.3,49.11 1 0
funny-login/controller/auth_controller.go:15.45,17.51 2 0
funny-login/controller/auth_controller.go:17.51,20.3 2 0
funny-login/controller/auth_controller.go:22.2,23.16 2 0
funny-login/controller/auth_controller.go:23.16,26.3 2 0
funny-login/controller/auth_controller.go:27.2,27.36 1 0
funny-login/controller/auth_controller.go:30.24,32.2 1 0
funny-login/controller/user_controller.go:18.43,21.16 3 0
funny-login/controller/user_controller.go:21.16,24.3 2 0
funny-login/controller/user_controller.go:26.2,27.16 2 0
funny-login/controller/user_controller.go:27.16,30.3 2 0
funny-login/controller/user_controller.go:31.2,31.34 1 0
funny-login/controller/user_controller.go:34.43,36.16 2 0
funny-login/controller/user_controller.go:36.16,39.3 2 0
funny-login/controller/user_controller.go:40.2,40.20 1 0
funny-login/controller/user_controller.go:40.20,43.3 2 0
funny-login/controller/user_controller.go:44.2,44.60 1 0
funny-login/controller/user_controller.go:47.44,50.16 3 0
funny-login/controller/user_controller.go:50.16,53.3 2 0
funny-login/controller/user_controller.go:54.2,54.29 1 0
funny-login/controller/user_controller.go:57.24,63.2 3 0
funny-login/usecase/auth_usecase.go:8.58,11.16 3 0
funny-login/usecase/auth_usecase.go:11.16,13.3 1 0
funny-login/usecase/auth_usecase.go:15.2,16.16 2 0
funny-login/usecase/auth_usecase.go:16.16,18.3 1 0
funny-login/usecase/auth_usecase.go:19.2,19.19 1 0
funny-login/usecase/user_usecase.go:8.54,15.2 3 0
funny-login/usecase/user_usecase.go:17.43,23.2 3 0
funny-login/usecase/user_usecase.go:25.49,33.2 3 0
funny-login/usecase/user_usecase.go:34.78,42.2 3 0
funny-login/utils/jwt_service/jwt_service.go:15.51,26.16 4 0
funny-login/utils/jwt_service/jwt_service.go:26.16,28.3 1 0
funny-login/utils/jwt_service/jwt_service.go:30.2,30.19 1 0
funny-login/utils/jwt_service/jwt_service.go:33.67,37.35 1 0
funny-login/utils/jwt_service/jwt_service.go:37.35,39.4 1 0
funny-login/utils/jwt_service/jwt_service.go:40.2,40.16 1 0
funny-login/utils/jwt_service/jwt_service.go:40.16,42.3 1 0
funny-login/utils/jwt_service/jwt_service.go:43.2,44.9 2 0
funny-login/utils/jwt_service/jwt_service.go:44.9,46.3 1 0
funny-login/utils/jwt_service/jwt_service.go:47.2,47.20 1 0
funny-login/repository/user_repository.go:33.49,36.27 3 1
funny-login/repository/user_repository.go:37.21,38.48 1 1
funny-login/repository/user_repository.go:39.19,40.26 1 1
funny-login/repository/user_repository.go:41.18,42.40 1 1
funny-login/repository/user_repository.go:43.32,44.94 1 0
funny-login/repository/user_repository.go:46.2,46.19 1 1
funny-login/repository/user_repository.go:51.16,53.16 2 0
funny-login/repository/user_repository.go:53.16,55.3 1 0
funny-login/repository/user_repository.go:58.50,62.16 2 1
funny-login/repository/user_repository.go:62.16,64.3 1 1
funny-login/repository/user_repository.go:65.2,65.18 1 1
funny-login/repository/user_repository.go:68.35,71.16 3 1
funny-login/repository/user_repository.go:71.16,73.3 1 1
funny-login/repository/user_repository.go:74.2,74.18 1 1
funny-login/repository/user_repository.go:74.18,77.17 3 1
funny-login/repository/user_repository.go:77.17,79.4 1 1
funny-login/repository/user_repository.go:80.3,80.30 1 1
funny-login/repository/user_repository.go:82.2,82.19 1 1
funny-login/repository/user_repository.go:85.41,88.16 3 1
funny-login/repository/user_repository.go:88.16,90.3 1 1
funny-login/repository/user_repository.go:91.2,91.18 1 1
funny-login/repository/user_repository.go:94.74,97.16 3 0
funny-login/repository/user_repository.go:97.16,99.3 1 0
funny-login/repository/user_repository.go:100.2,100.18 1 0
